This is pdfTeX, Version 3.1415926-2.5-1.40.14 (TeX Live 2013/Debian) (format=pdflatex 2014.1.2)  15 JAN 2014 19:29
entering extended mode
 restricted \write18 enabled.
 %&-line parsing enabled.
**pfc.tex
(./pfc.tex
LaTeX2e <2011/06/27>
Babel <3.9f> and hyphenation patterns for 78 languages loaded.
(/usr/share/texlive/texmf-dist/tex/latex/base/book.cls
Document Class: book 2007/10/19 v1.4h Standard LaTeX document class
(/usr/share/texlive/texmf-dist/tex/latex/base/bk10.clo
File: bk10.clo 2007/10/19 v1.4h Standard LaTeX file (size option)
)
\c@part=\count79
\c@chapter=\count80
\c@section=\count81
\c@subsection=\count82
\c@subsubsection=\count83
\c@paragraph=\count84
\c@subparagraph=\count85
\c@figure=\count86
\c@table=\count87
\abovecaptionskip=\skip41
\belowcaptionskip=\skip42
\bibindent=\dimen102
)
(./configuracion/pfc_opciones.tex
(/usr/share/texlive/texmf-dist/tex/latex/base/inputenc.sty
Package: inputenc 2008/03/30 v1.1d Input encoding file
\inpenc@prehook=\toks14
\inpenc@posthook=\toks15

(/usr/share/texlive/texmf-dist/tex/latex/base/utf8.def
File: utf8.def 2008/04/05 v1.1m UTF-8 support for inputenc
Now handling font encoding OML ...
... no UTF-8 mapping file for font encoding OML
Now handling font encoding T1 ...
... processing UTF-8 mapping file for font encoding T1

(/usr/share/texlive/texmf-dist/tex/latex/base/t1enc.dfu
File: t1enc.dfu 2008/04/05 v1.1m UTF-8 support for inputenc
   defining Unicode char U+00A1 (decimal 161)
   defining Unicode char U+00A3 (decimal 163)
   defining Unicode char U+00AB (decimal 171)
   defining Unicode char U+00BB (decimal 187)
   defining Unicode char U+00BF (decimal 191)
   defining Unicode char U+00C0 (decimal 192)
   defining Unicode char U+00C1 (decimal 193)
   defining Unicode char U+00C2 (decimal 194)
   defining Unicode char U+00C3 (decimal 195)
   defining Unicode char U+00C4 (decimal 196)
   defining Unicode char U+00C5 (decimal 197)
   defining Unicode char U+00C6 (decimal 198)
   defining Unicode char U+00C7 (decimal 199)
   defining Unicode char U+00C8 (decimal 200)
   defining Unicode char U+00C9 (decimal 201)
   defining Unicode char U+00CA (decimal 202)
   defining Unicode char U+00CB (decimal 203)
   defining Unicode char U+00CC (decimal 204)
   defining Unicode char U+00CD (decimal 205)
   defining Unicode char U+00CE (decimal 206)
   defining Unicode char U+00CF (decimal 207)
   defining Unicode char U+00D0 (decimal 208)
   defining Unicode char U+00D1 (decimal 209)
   defining Unicode char U+00D2 (decimal 210)
   defining Unicode char U+00D3 (decimal 211)
   defining Unicode char U+00D4 (decimal 212)
   defining Unicode char U+00D5 (decimal 213)
   defining Unicode char U+00D6 (decimal 214)
   defining Unicode char U+00D8 (decimal 216)
   defining Unicode char U+00D9 (decimal 217)
   defining Unicode char U+00DA (decimal 218)
   defining Unicode char U+00DB (decimal 219)
   defining Unicode char U+00DC (decimal 220)
   defining Unicode char U+00DD (decimal 221)
   defining Unicode char U+00DE (decimal 222)
   defining Unicode char U+00DF (decimal 223)
   defining Unicode char U+00E0 (decimal 224)
   defining Unicode char U+00E1 (decimal 225)
   defining Unicode char U+00E2 (decimal 226)
   defining Unicode char U+00E3 (decimal 227)
   defining Unicode char U+00E4 (decimal 228)
   defining Unicode char U+00E5 (decimal 229)
   defining Unicode char U+00E6 (decimal 230)
   defining Unicode char U+00E7 (decimal 231)
   defining Unicode char U+00E8 (decimal 232)
   defining Unicode char U+00E9 (decimal 233)
   defining Unicode char U+00EA (decimal 234)
   defining Unicode char U+00EB (decimal 235)
   defining Unicode char U+00EC (decimal 236)
   defining Unicode char U+00ED (decimal 237)
   defining Unicode char U+00EE (decimal 238)
   defining Unicode char U+00EF (decimal 239)
   defining Unicode char U+00F0 (decimal 240)
   defining Unicode char U+00F1 (decimal 241)
   defining Unicode char U+00F2 (decimal 242)
   defining Unicode char U+00F3 (decimal 243)
   defining Unicode char U+00F4 (decimal 244)
   defining Unicode char U+00F5 (decimal 245)
   defining Unicode char U+00F6 (decimal 246)
   defining Unicode char U+00F8 (decimal 248)
   defining Unicode char U+00F9 (decimal 249)
   defining Unicode char U+00FA (decimal 250)
   defining Unicode char U+00FB (decimal 251)
   defining Unicode char U+00FC (decimal 252)
   defining Unicode char U+00FD (decimal 253)
   defining Unicode char U+00FE (decimal 254)
   defining Unicode char U+00FF (decimal 255)
   defining Unicode char U+0102 (decimal 258)
   defining Unicode char U+0103 (decimal 259)
   defining Unicode char U+0104 (decimal 260)
   defining Unicode char U+0105 (decimal 261)
   defining Unicode char U+0106 (decimal 262)
   defining Unicode char U+0107 (decimal 263)
   defining Unicode char U+010C (decimal 268)
   defining Unicode char U+010D (decimal 269)
   defining Unicode char U+010E (decimal 270)
   defining Unicode char U+010F (decimal 271)
   defining Unicode char U+0110 (decimal 272)
   defining Unicode char U+0111 (decimal 273)
   defining Unicode char U+0118 (decimal 280)
   defining Unicode char U+0119 (decimal 281)
   defining Unicode char U+011A (decimal 282)
   defining Unicode char U+011B (decimal 283)
   defining Unicode char U+011E (decimal 286)
   defining Unicode char U+011F (decimal 287)
   defining Unicode char U+0130 (decimal 304)
   defining Unicode char U+0131 (decimal 305)
   defining Unicode char U+0132 (decimal 306)
   defining Unicode char U+0133 (decimal 307)
   defining Unicode char U+0139 (decimal 313)
   defining Unicode char U+013A (decimal 314)
   defining Unicode char U+013D (decimal 317)
   defining Unicode char U+013E (decimal 318)
   defining Unicode char U+0141 (decimal 321)
   defining Unicode char U+0142 (decimal 322)
   defining Unicode char U+0143 (decimal 323)
   defining Unicode char U+0144 (decimal 324)
   defining Unicode char U+0147 (decimal 327)
   defining Unicode char U+0148 (decimal 328)
   defining Unicode char U+014A (decimal 330)
   defining Unicode char U+014B (decimal 331)
   defining Unicode char U+0150 (decimal 336)
   defining Unicode char U+0151 (decimal 337)
   defining Unicode char U+0152 (decimal 338)
   defining Unicode char U+0153 (decimal 339)
   defining Unicode char U+0154 (decimal 340)
   defining Unicode char U+0155 (decimal 341)
   defining Unicode char U+0158 (decimal 344)
   defining Unicode char U+0159 (decimal 345)
   defining Unicode char U+015A (decimal 346)
   defining Unicode char U+015B (decimal 347)
   defining Unicode char U+015E (decimal 350)
   defining Unicode char U+015F (decimal 351)
   defining Unicode char U+0160 (decimal 352)
   defining Unicode char U+0161 (decimal 353)
   defining Unicode char U+0162 (decimal 354)
   defining Unicode char U+0163 (decimal 355)
   defining Unicode char U+0164 (decimal 356)
   defining Unicode char U+0165 (decimal 357)
   defining Unicode char U+016E (decimal 366)
   defining Unicode char U+016F (decimal 367)
   defining Unicode char U+0170 (decimal 368)
   defining Unicode char U+0171 (decimal 369)
   defining Unicode char U+0178 (decimal 376)
   defining Unicode char U+0179 (decimal 377)
   defining Unicode char U+017A (decimal 378)
   defining Unicode char U+017B (decimal 379)
   defining Unicode char U+017C (decimal 380)
   defining Unicode char U+017D (decimal 381)
   defining Unicode char U+017E (decimal 382)
   defining Unicode char U+200C (decimal 8204)
   defining Unicode char U+2013 (decimal 8211)
   defining Unicode char U+2014 (decimal 8212)
   defining Unicode char U+2018 (decimal 8216)
   defining Unicode char U+2019 (decimal 8217)
   defining Unicode char U+201A (decimal 8218)
   defining Unicode char U+201C (decimal 8220)
   defining Unicode char U+201D (decimal 8221)
   defining Unicode char U+201E (decimal 8222)
   defining Unicode char U+2030 (decimal 8240)
   defining Unicode char U+2031 (decimal 8241)
   defining Unicode char U+2039 (decimal 8249)
   defining Unicode char U+203A (decimal 8250)
   defining Unicode char U+2423 (decimal 9251)
)
Now handling font encoding OT1 ...
... processing UTF-8 mapping file for font encoding OT1

(/usr/share/texlive/texmf-dist/tex/latex/base/ot1enc.dfu
File: ot1enc.dfu 2008/04/05 v1.1m UTF-8 support for inputenc
   defining Unicode char U+00A1 (decimal 161)
   defining Unicode char U+00A3 (decimal 163)
   defining Unicode char U+00B8 (decimal 184)
   defining Unicode char U+00BF (decimal 191)
   defining Unicode char U+00C5 (decimal 197)
   defining Unicode char U+00C6 (decimal 198)
   defining Unicode char U+00D8 (decimal 216)
   defining Unicode char U+00DF (decimal 223)
   defining Unicode char U+00E6 (decimal 230)
   defining Unicode char U+00EC (decimal 236)
   defining Unicode char U+00ED (decimal 237)
   defining Unicode char U+00EE (decimal 238)
   defining Unicode char U+00EF (decimal 239)
   defining Unicode char U+00F8 (decimal 248)
   defining Unicode char U+0131 (decimal 305)
   defining Unicode char U+0141 (decimal 321)
   defining Unicode char U+0142 (decimal 322)
   defining Unicode char U+0152 (decimal 338)
   defining Unicode char U+0153 (decimal 339)
   defining Unicode char U+2013 (decimal 8211)
   defining Unicode char U+2014 (decimal 8212)
   defining Unicode char U+2018 (decimal 8216)
   defining Unicode char U+2019 (decimal 8217)
   defining Unicode char U+201C (decimal 8220)
   defining Unicode char U+201D (decimal 8221)
)
Now handling font encoding OMS ...
... processing UTF-8 mapping file for font encoding OMS

(/usr/share/texlive/texmf-dist/tex/latex/base/omsenc.dfu
File: omsenc.dfu 2008/04/05 v1.1m UTF-8 support for inputenc
   defining Unicode char U+00A7 (decimal 167)
   defining Unicode char U+00B6 (decimal 182)
   defining Unicode char U+00B7 (decimal 183)
   defining Unicode char U+2020 (decimal 8224)
   defining Unicode char U+2021 (decimal 8225)
   defining Unicode char U+2022 (decimal 8226)
)
Now handling font encoding OMX ...
... no UTF-8 mapping file for font encoding OMX
Now handling font encoding U ...
... no UTF-8 mapping file for font encoding U
   defining Unicode char U+00A9 (decimal 169)
   defining Unicode char U+00AA (decimal 170)
   defining Unicode char U+00AE (decimal 174)
   defining Unicode char U+00BA (decimal 186)
   defining Unicode char U+02C6 (decimal 710)
   defining Unicode char U+02DC (decimal 732)
   defining Unicode char U+200C (decimal 8204)
   defining Unicode char U+2026 (decimal 8230)
   defining Unicode char U+2122 (decimal 8482)
   defining Unicode char U+2423 (decimal 9251)
))
(/usr/share/texlive/texmf-dist/tex/latex/geometry/geometry.sty
Package: geometry 2010/09/12 v5.6 Page Geometry

(/usr/share/texlive/texmf-dist/tex/latex/graphics/keyval.sty
Package: keyval 1999/03/16 v1.13 key=value parser (DPC)
\KV@toks@=\toks16
)
(/usr/share/texlive/texmf-dist/tex/generic/oberdiek/ifpdf.sty
Package: ifpdf 2011/01/30 v2.3 Provides the ifpdf switch (HO)
Package ifpdf Info: pdfTeX in PDF mode is detected.
)
(/usr/share/texlive/texmf-dist/tex/generic/oberdiek/ifvtex.sty
Package: ifvtex 2010/03/01 v1.5 Detect VTeX and its facilities (HO)
Package ifvtex Info: VTeX not detected.
)
(/usr/share/texlive/texmf-dist/tex/generic/ifxetex/ifxetex.sty
Package: ifxetex 2010/09/12 v0.6 Provides ifxetex conditional
)
\Gm@cnth=\count88
\Gm@cntv=\count89
\c@Gm@tempcnt=\count90
\Gm@bindingoffset=\dimen103
\Gm@wd@mp=\dimen104
\Gm@odd@mp=\dimen105
\Gm@even@mp=\dimen106
\Gm@layoutwidth=\dimen107
\Gm@layoutheight=\dimen108
\Gm@layouthoffset=\dimen109
\Gm@layoutvoffset=\dimen110
\Gm@dimlist=\toks17
)
(/usr/share/texlive/texmf-dist/tex/latex/fancyhdr/fancyhdr.sty
\fancy@headwidth=\skip43
\f@ncyO@elh=\skip44
\f@ncyO@erh=\skip45
\f@ncyO@olh=\skip46
\f@ncyO@orh=\skip47
\f@ncyO@elf=\skip48
\f@ncyO@erf=\skip49
\f@ncyO@olf=\skip50
\f@ncyO@orf=\skip51
)
(/usr/share/texlive/texmf-dist/tex/latex/float/float.sty
Package: float 2001/11/08 v1.3d Float enhancements (AL)
\c@float@type=\count91
\float@exts=\toks18
\float@box=\box26
\@float@everytoks=\toks19
\@floatcapt=\box27
)
(/usr/share/texlive/texmf-dist/tex/latex/framed/framed.sty
Package: framed 2011/10/22 v 0.96: framed or shaded text with page breaks
\OuterFrameSep=\skip52
\fb@frw=\dimen111
\fb@frh=\dimen112
\FrameRule=\dimen113
\FrameSep=\dimen114
)
(/usr/share/texlive/texmf-dist/tex/latex/amscls/amsthm.sty
Package: amsthm 2004/08/06 v2.20
\thm@style=\toks20
\thm@bodyfont=\toks21
\thm@headfont=\toks22
\thm@notefont=\toks23
\thm@headpunct=\toks24
\thm@preskip=\skip53
\thm@postskip=\skip54
\thm@headsep=\skip55
\dth@everypar=\toks25
)
(/usr/share/texlive/texmf-dist/tex/latex/amsmath/amsmath.sty
Package: amsmath 2013/01/14 v2.14 AMS math features
\@mathmargin=\skip56

For additional information on amsmath, use the `?' option.
(/usr/share/texlive/texmf-dist/tex/latex/amsmath/amstext.sty
Package: amstext 2000/06/29 v2.01

(/usr/share/texlive/texmf-dist/tex/latex/amsmath/amsgen.sty
File: amsgen.sty 1999/11/30 v2.0
\@emptytoks=\toks26
\ex@=\dimen115
))
(/usr/share/texlive/texmf-dist/tex/latex/amsmath/amsbsy.sty
Package: amsbsy 1999/11/29 v1.2d
\pmbraise@=\dimen116
)
(/usr/share/texlive/texmf-dist/tex/latex/amsmath/amsopn.sty
Package: amsopn 1999/12/14 v2.01 operator names
)
\inf@bad=\count92
LaTeX Info: Redefining \frac on input line 210.
\uproot@=\count93
\leftroot@=\count94
LaTeX Info: Redefining \overline on input line 306.
\classnum@=\count95
\DOTSCASE@=\count96
LaTeX Info: Redefining \ldots on input line 378.
LaTeX Info: Redefining \dots on input line 381.
LaTeX Info: Redefining \cdots on input line 466.
\Mathstrutbox@=\box28
\strutbox@=\box29
\big@size=\dimen117
LaTeX Font Info:    Redeclaring font encoding OML on input line 566.
LaTeX Font Info:    Redeclaring font encoding OMS on input line 567.
\macc@depth=\count97
\c@MaxMatrixCols=\count98
\dotsspace@=\muskip10
\c@parentequation=\count99
\dspbrk@lvl=\count100
\tag@help=\toks27
\row@=\count101
\column@=\count102
\maxfields@=\count103
\andhelp@=\toks28
\eqnshift@=\dimen118
\alignsep@=\dimen119
\tagshift@=\dimen120
\tagwidth@=\dimen121
\totwidth@=\dimen122
\lineht@=\dimen123
\@envbody=\toks29
\multlinegap=\skip57
\multlinetaggap=\skip58
\mathdisplay@stack=\toks30
LaTeX Info: Redefining \[ on input line 2665.
LaTeX Info: Redefining \] on input line 2666.
)
(/usr/share/texlive/texmf-dist/tex/latex/graphics/graphicx.sty
Package: graphicx 1999/02/16 v1.0f Enhanced LaTeX Graphics (DPC,SPQR)

(/usr/share/texlive/texmf-dist/tex/latex/graphics/graphics.sty
Package: graphics 2009/02/05 v1.0o Standard LaTeX Graphics (DPC,SPQR)

(/usr/share/texlive/texmf-dist/tex/latex/graphics/trig.sty
Package: trig 1999/03/16 v1.09 sin cos tan (DPC)
)
(/usr/share/texlive/texmf-dist/tex/latex/latexconfig/graphics.cfg
File: graphics.cfg 2010/04/23 v1.9 graphics configuration of TeX Live
)
Package graphics Info: Driver file: pdftex.def on input line 91.

(/usr/share/texlive/texmf-dist/tex/latex/pdftex-def/pdftex.def
File: pdftex.def 2011/05/27 v0.06d Graphics/color for pdfTeX

(/usr/share/texlive/texmf-dist/tex/generic/oberdiek/infwarerr.sty
Package: infwarerr 2010/04/08 v1.3 Providing info/warning/error messages (HO)
)
(/usr/share/texlive/texmf-dist/tex/generic/oberdiek/ltxcmds.sty
Package: ltxcmds 2011/11/09 v1.22 LaTeX kernel commands for general use (HO)
)
\Gread@gobject=\count104
))
\Gin@req@height=\dimen124
\Gin@req@width=\dimen125
)
(/usr/share/texlive/texmf-dist/tex/latex/wrapfig/wrapfig.sty
\wrapoverhang=\dimen126
\WF@size=\dimen127
\c@WF@wrappedlines=\count105
\WF@box=\box30
\WF@everypar=\toks31
Package: wrapfig 2003/01/31  v 3.6
)
(/usr/share/texlive/texmf-dist/tex/latex/tools/longtable.sty
Package: longtable 2004/02/01 v4.11 Multi-page Table package (DPC)
\LTleft=\skip59
\LTright=\skip60
\LTpre=\skip61
\LTpost=\skip62
\LTchunksize=\count106
\LTcapwidth=\dimen128
\LT@head=\box31
\LT@firsthead=\box32
\LT@foot=\box33
\LT@lastfoot=\box34
\LT@cols=\count107
\LT@rows=\count108
\c@LT@tables=\count109
\c@LT@chunks=\count110
\LT@p@ftn=\toks32
)
(/usr/share/texlive/texmf-dist/tex/latex/graphics/color.sty
Package: color 2005/11/14 v1.0j Standard LaTeX Color (DPC)

(/usr/share/texlive/texmf-dist/tex/latex/latexconfig/color.cfg
File: color.cfg 2007/01/18 v1.5 color configuration of teTeX/TeXLive
)
Package color Info: Driver file: pdftex.def on input line 130.
)
(/usr/share/texlive/texmf-dist/tex/latex/hyperref/hyperref.sty
Package: hyperref 2012/11/06 v6.83m Hypertext links for LaTeX

(/usr/share/texlive/texmf-dist/tex/generic/oberdiek/hobsub-hyperref.sty
Package: hobsub-hyperref 2012/05/28 v1.13 Bundle oberdiek, subset hyperref (HO)


(/usr/share/texlive/texmf-dist/tex/generic/oberdiek/hobsub-generic.sty
Package: hobsub-generic 2012/05/28 v1.13 Bundle oberdiek, subset generic (HO)
Package: hobsub 2012/05/28 v1.13 Construct package bundles (HO)
Package hobsub Info: Skipping package `infwarerr' (already loaded).
Package hobsub Info: Skipping package `ltxcmds' (already loaded).
Package: ifluatex 2010/03/01 v1.3 Provides the ifluatex switch (HO)
Package ifluatex Info: LuaTeX not detected.
Package hobsub Info: Skipping package `ifvtex' (already loaded).
Package: intcalc 2007/09/27 v1.1 Expandable calculations with integers (HO)
Package hobsub Info: Skipping package `ifpdf' (already loaded).
Package: etexcmds 2011/02/16 v1.5 Avoid name clashes with e-TeX commands (HO)
Package etexcmds Info: Could not find \expanded.
(etexcmds)             That can mean that you are not using pdfTeX 1.50 or
(etexcmds)             that some package has redefined \expanded.
(etexcmds)             In the latter case, load this package earlier.
Package: kvsetkeys 2012/04/25 v1.16 Key value parser (HO)
Package: kvdefinekeys 2011/04/07 v1.3 Define keys (HO)
Package: pdftexcmds 2011/11/29 v0.20 Utility functions of pdfTeX for LuaTeX (HO
)
Package pdftexcmds Info: LuaTeX not detected.
Package pdftexcmds Info: \pdf@primitive is available.
Package pdftexcmds Info: \pdf@ifprimitive is available.
Package pdftexcmds Info: \pdfdraftmode found.
Package: pdfescape 2011/11/25 v1.13 Implements pdfTeX's escape features (HO)
Package: bigintcalc 2012/04/08 v1.3 Expandable calculations on big integers (HO
)
Package: bitset 2011/01/30 v1.1 Handle bit-vector datatype (HO)
Package: uniquecounter 2011/01/30 v1.2 Provide unlimited unique counter (HO)
)
Package hobsub Info: Skipping package `hobsub' (already loaded).
Package: letltxmacro 2010/09/02 v1.4 Let assignment for LaTeX macros (HO)
Package: hopatch 2012/05/28 v1.2 Wrapper for package hooks (HO)
Package: xcolor-patch 2011/01/30 xcolor patch
Package: atveryend 2011/06/30 v1.8 Hooks at the very end of document (HO)
Package atveryend Info: \enddocument detected (standard20110627).
Package: atbegshi 2011/10/05 v1.16 At begin shipout hook (HO)
Package: refcount 2011/10/16 v3.4 Data extraction from label references (HO)
Package: hycolor 2011/01/30 v1.7 Color options for hyperref/bookmark (HO)
)
(/usr/share/texlive/texmf-dist/tex/latex/oberdiek/auxhook.sty
Package: auxhook 2011/03/04 v1.3 Hooks for auxiliary files (HO)
)
(/usr/share/texlive/texmf-dist/tex/latex/oberdiek/kvoptions.sty
Package: kvoptions 2011/06/30 v3.11 Key value format for package options (HO)
)
\@linkdim=\dimen129
\Hy@linkcounter=\count111
\Hy@pagecounter=\count112

(/usr/share/texlive/texmf-dist/tex/latex/hyperref/pd1enc.def
File: pd1enc.def 2012/11/06 v6.83m Hyperref: PDFDocEncoding definition (HO)
Now handling font encoding PD1 ...
... no UTF-8 mapping file for font encoding PD1
)
\Hy@SavedSpaceFactor=\count113

(/usr/share/texlive/texmf-dist/tex/latex/latexconfig/hyperref.cfg
File: hyperref.cfg 2002/06/06 v1.2 hyperref configuration of TeXLive
)
Package hyperref Info: Option `bookmarks' set `true' on input line 4319.
Package hyperref Info: Hyper figures OFF on input line 4443.
Package hyperref Info: Link nesting OFF on input line 4448.
Package hyperref Info: Hyper index ON on input line 4451.
Package hyperref Info: Plain pages OFF on input line 4458.
Package hyperref Info: Backreferencing OFF on input line 4463.
Package hyperref Info: Implicit mode ON; LaTeX internals redefined.
Package hyperref Info: Bookmarks ON on input line 4688.
\c@Hy@tempcnt=\count114

(/usr/share/texlive/texmf-dist/tex/latex/url/url.sty
\Urlmuskip=\muskip11
Package: url 2006/04/12  ver 3.3  Verb mode for urls, etc.
)
LaTeX Info: Redefining \url on input line 5041.
\XeTeXLinkMargin=\dimen130
\Fld@menulength=\count115
\Field@Width=\dimen131
\Fld@charsize=\dimen132
Package hyperref Info: Hyper figures OFF on input line 6295.
Package hyperref Info: Link nesting OFF on input line 6300.
Package hyperref Info: Hyper index ON on input line 6303.
Package hyperref Info: backreferencing OFF on input line 6310.
Package hyperref Info: Link coloring OFF on input line 6315.
Package hyperref Info: Link coloring with OCG OFF on input line 6320.
Package hyperref Info: PDF/A mode OFF on input line 6325.
LaTeX Info: Redefining \ref on input line 6365.
LaTeX Info: Redefining \pageref on input line 6369.
\Hy@abspage=\count116
\c@Item=\count117
\c@Hfootnote=\count118
)

Package hyperref Message: Driver (autodetected): hpdftex.

(/usr/share/texlive/texmf-dist/tex/latex/hyperref/hpdftex.def
File: hpdftex.def 2012/11/06 v6.83m Hyperref driver for pdfTeX
\Fld@listcount=\count119
\c@bookmark@seq@number=\count120

(/usr/share/texlive/texmf-dist/tex/latex/oberdiek/rerunfilecheck.sty
Package: rerunfilecheck 2011/04/15 v1.7 Rerun checks for auxiliary files (HO)
Package uniquecounter Info: New unique counter `rerunfilecheck' on input line 2
82.
)
\Hy@SectionHShift=\skip63
)
(/usr/share/texlive/texmf-dist/tex/latex/listings/listings.sty
\lst@mode=\count121
\lst@gtempboxa=\box35
\lst@token=\toks33
\lst@length=\count122
\lst@currlwidth=\dimen133
\lst@column=\count123
\lst@pos=\count124
\lst@lostspace=\dimen134
\lst@width=\dimen135
\lst@newlines=\count125
\lst@lineno=\count126
\lst@maxwidth=\dimen136

(/usr/share/texlive/texmf-dist/tex/latex/listings/lstmisc.sty
File: lstmisc.sty 2013/07/10 1.5 (Carsten Heinz)
\c@lstnumber=\count127
\lst@skipnumbers=\count128
\lst@framebox=\box36
)
(/usr/share/texlive/texmf-dist/tex/latex/listings/listings.cfg
File: listings.cfg 2013/06/27 1.5pre1 listings configuration
))
Package: listings 2013/07/10 1.5 (Carsten Heinz)


Package Fancyhdr Warning: \fancyhead's `E' option without twoside option is use
less on input line 30.


Package Fancyhdr Warning: \fancyhead's `E' option without twoside option is use
less on input line 31.

(/usr/share/texlive/texmf-dist/tex/generic/babel/babel.sty
Package: babel 2013/05/16 v3.9f The Babel package

(/usr/share/texlive/texmf-dist/tex/generic/babel-spanish/spanish.ldf
Language: spanish.ldf 2010/05/23 v5.0j Spanish support from the babel system

(/usr/share/texlive/texmf-dist/tex/generic/babel/babel.def
File: babel.def 2013/05/16 v3.9f Babel common definitions
\babel@savecnt=\count129
\U@D=\dimen137
)
\es@datefmt=\count130
\es@quottoks=\toks34
\es@quotdepth=\count131
Package babel Info: Making " an active character on input line 495.
Package babel Info: Making . an active character on input line 588.
Package babel Info: Making < an active character on input line 633.
Package babel Info: Making > an active character on input line 633.
))
(/usr/share/texlive/texmf-dist/tex/latex/tocloft/tocloft.sty
Package: tocloft 2013/05/02 v2.3f parameterised ToC, etc., typesetting
Package tocloft Info: The document has chapter divisions on input line 44.
\cftparskip=\skip64
\cftbeforetoctitleskip=\skip65
\cftaftertoctitleskip=\skip66
\cftbeforepartskip=\skip67
\cftpartnumwidth=\skip68
\cftpartindent=\skip69
\cftbeforechapskip=\skip70
\cftchapindent=\skip71
\cftchapnumwidth=\skip72
\cftbeforesecskip=\skip73
\cftsecindent=\skip74
\cftsecnumwidth=\skip75
\cftbeforesubsecskip=\skip76
\cftsubsecindent=\skip77
\cftsubsecnumwidth=\skip78
\cftbeforesubsubsecskip=\skip79
\cftsubsubsecindent=\skip80
\cftsubsubsecnumwidth=\skip81
\cftbeforeparaskip=\skip82
\cftparaindent=\skip83
\cftparanumwidth=\skip84
\cftbeforesubparaskip=\skip85
\cftsubparaindent=\skip86
\cftsubparanumwidth=\skip87
\cftbeforeloftitleskip=\skip88
\cftafterloftitleskip=\skip89
\cftbeforefigskip=\skip90
\cftfigindent=\skip91
\cftfignumwidth=\skip92
\c@lofdepth=\count132
\c@lotdepth=\count133
\cftbeforelottitleskip=\skip93
\cftafterlottitleskip=\skip94
\cftbeforetabskip=\skip95
\cfttabindent=\skip96
\cfttabnumwidth=\skip97
)) (./pfc.aux
LaTeX Info: Redefining \. on input line 23.
LaTeX Info: Redefining \% on input line 23.
)
\openout1 = `pfc.aux'.

LaTeX Font Info:    Checking defaults for OML/cmm/m/it on input line 4.
LaTeX Font Info:    ... okay on input line 4.
LaTeX Font Info:    Checking defaults for T1/cmr/m/n on input line 4.
LaTeX Font Info:    ... okay on input line 4.
LaTeX Font Info:    Checking defaults for OT1/cmr/m/n on input line 4.
LaTeX Font Info:    ... okay on input line 4.
LaTeX Font Info:    Checking defaults for OMS/cmsy/m/n on input line 4.
LaTeX Font Info:    ... okay on input line 4.
LaTeX Font Info:    Checking defaults for OMX/cmex/m/n on input line 4.
LaTeX Font Info:    ... okay on input line 4.
LaTeX Font Info:    Checking defaults for U/cmr/m/n on input line 4.
LaTeX Font Info:    ... okay on input line 4.
LaTeX Font Info:    Checking defaults for PD1/pdf/m/n on input line 4.
LaTeX Font Info:    ... okay on input line 4.

*geometry* driver: auto-detecting
*geometry* detected driver: pdftex

Package geometry Warning: The marginal notes overrun the paper.
     Add 4.86812pt and more to the right margin.

*geometry* verbose mode - [ preamble ] result:
* driver: pdftex
* paper: a4paper
* layout: <same size as paper>
* layoutoffset:(h,v)=(0.0pt,0.0pt)
* modes: 
* h-part:(L,W,R)=(71.13188pt, 455.24411pt, 71.13188pt)
* v-part:(T,H,B)=(71.13188pt, 702.78308pt, 71.13188pt)
* \paperwidth=597.50787pt
* \paperheight=845.04684pt
* \textwidth=455.24411pt
* \textheight=702.78308pt
* \oddsidemargin=-1.1381pt
* \evensidemargin=-1.1381pt
* \topmargin=-31.2056pt
* \headheight=18.0pt
* \headsep=18.06749pt
* \topskip=10.0pt
* \footskip=25.29494pt
* \marginparwidth=69.0pt
* \marginparsep=7.0pt
* \columnsep=10.0pt
* \skip\footins=9.0pt plus 4.0pt minus 2.0pt
* \hoffset=0.0pt
* \voffset=0.0pt
* \mag=1000
* \@twocolumnfalse
* \@twosidefalse
* \@mparswitchfalse
* \@reversemarginfalse
* (1in=72.27pt=25.4mm, 1cm=28.453pt)

(/usr/share/texlive/texmf-dist/tex/context/base/supp-pdf.mkii
[Loading MPS to PDF converter (version 2006.09.02).]
\scratchcounter=\count134
\scratchdimen=\dimen138
\scratchbox=\box37
\nofMPsegments=\count135
\nofMParguments=\count136
\everyMPshowfont=\toks35
\MPscratchCnt=\count137
\MPscratchDim=\dimen139
\MPnumerator=\count138
\makeMPintoPDFobject=\count139
\everyMPtoPDFconversion=\toks36
) (/usr/share/texlive/texmf-dist/tex/latex/oberdiek/epstopdf-base.sty
Package: epstopdf-base 2010/02/09 v2.5 Base part for package epstopdf

(/usr/share/texlive/texmf-dist/tex/latex/oberdiek/grfext.sty
Package: grfext 2010/08/19 v1.1 Manage graphics extensions (HO)
)
Package grfext Info: Graphics extension search list:
(grfext)             [.png,.pdf,.jpg,.mps,.jpeg,.jbig2,.jb2,.PNG,.PDF,.JPG,.JPE
G,.JBIG2,.JB2,.eps]
(grfext)             \AppendGraphicsExtensions on input line 452.

(/usr/share/texlive/texmf-dist/tex/latex/latexconfig/epstopdf-sys.cfg
File: epstopdf-sys.cfg 2010/07/13 v1.3 Configuration of (r)epstopdf for TeX Liv
e
))
\AtBeginShipoutBox=\box38
Package hyperref Info: Link coloring OFF on input line 4.

(/usr/share/texlive/texmf-dist/tex/latex/hyperref/nameref.sty
Package: nameref 2012/10/27 v2.43 Cross-referencing by name of section

(/usr/share/texlive/texmf-dist/tex/generic/oberdiek/gettitlestring.sty
Package: gettitlestring 2010/12/03 v1.4 Cleanup title references (HO)
)
\c@section@level=\count140
)
LaTeX Info: Redefining \ref on input line 4.
LaTeX Info: Redefining \pageref on input line 4.
LaTeX Info: Redefining \nameref on input line 4.

(./pfc.out) (./pfc.out)
\@outlinefile=\write3
\openout3 = `pfc.out'.

\c@lstlisting=\count141
LaTeX Info: Redefining \. on input line 4.
LaTeX Info: Redefining \% on input line 4.
 (./contenidos/portada.tex [1

{/var/lib/texmf/fonts/map/pdftex/updmap/pdftex.map}]
Underfull \hbox (badness 1983) in paragraph at lines 93--94
[]\OT1/cmr/m/n/10 Y PARA QUE CONSTE, SE EXTIENDE FIRMADA POR LOS COMPARECIENTES
 DEL
 []

[2

]) (./contenidos/inicio.tex) (./contenidos/agradecimientos.tex)
(./contenidos/tablas.texpdfTeX warning (ext4): destination with the same identi
fier (name{page.1}) has been already used, duplicate ignored
<to be read again> 
                   \relax 
l.1 \newpage
             [1

] (./pfc.toc
LaTeX Info: Redefining \. on input line 1.
LaTeX Info: Redefining \% on input line 1.
pdfTeX warning (ext4): destination with the same identifier (name{page.2}) has 
been already used, duplicate ignored
<to be read again> 
                   \relax 
l.66 ...{\numberline {6.6}NodeJS}{59}{section.6.6}
                                                   [2])
\tf@toc=\write4
\openout4 = `pfc.toc'.

LaTeX Info: Redefining \. on input line 5.
LaTeX Info: Redefining \% on input line 5.
 [3] (./pfc.lof
LaTeX Info: Redefining \. on input line 1.
LaTeX Info: Redefining \% on input line 1.
 [4])
\tf@lof=\write5
\openout5 = `pfc.lof'.

)
(./contenidos/00.00.Abstract.tex
LaTeX Info: Redefining \. on input line 1.
LaTeX Info: Redefining \% on input line 1.
 [5] [6]
Cap\'{\i }tulo 1.

Overfull \hbox (10.44753pt too wide) in paragraph at lines 3--3
[][] 
 []

) (./contenidos/01.00.MotivacionYObjetivos.tex [7

] [8]
Cap\'{\i }tulo 2.

Overfull \hbox (10.44753pt too wide) in paragraph at lines 3--3
[][] 
 []

) (./contenidos/01.01.Motivacion.tex [9

]
<imagenes/html5.png, id=448, 308.352pt x 209.1012pt>
File: imagenes/html5.png Graphic file (type png)
 <use imagenes/html5.png>
Package pdftex.def Info: imagenes/html5.png used on input line 13.
(pdftex.def)             Requested size: 500.77129pt x 339.59077pt.

Overfull \hbox (45.52718pt too wide) in paragraph at lines 13--14
 [][] 
 []

LaTeX Info: Redefining \. on input line 22.
LaTeX Info: Redefining \% on input line 22.
[10 <./imagenes/html5.png>]) (./contenidos/01.02.Objetivos.tex
LaTeX Info: Redefining \. on input line 11.
LaTeX Info: Redefining \% on input line 11.
 [11])
(./contenidos/01.03.Organizacion.tex) (./contenidos/02.00.Introduccion.tex
LaTeX Info: Redefining \. on input line 1.
LaTeX Info: Redefining \% on input line 1.

[12] [13]
Cap\'{\i }tulo 3.

Overfull \hbox (10.44753pt too wide) in paragraph at lines 3--3
[][] 
 []

) (./contenidos/02.01.QueEs.tex [14

]
<imagenes/freemind.png, id=487, 699.61375pt x 672.5125pt>
File: imagenes/freemind.png Graphic file (type png)

<use imagenes/freemind.png>
Package pdftex.def Info: imagenes/freemind.png used on input line 11.
(pdftex.def)             Requested size: 409.71692pt x 393.85434pt.
) (./contenidos/02.02.Aplicaciones.tex
LaTeX Info: Redefining \. on input line 6.
LaTeX Info: Redefining \% on input line 6.
 [15 <./imagenes/freemind.png (PNG copy)>]) (./contenidos/02.03.Partes.tex
LaTeX Info: Redefining \. on input line 7.
LaTeX Info: Redefining \% on input line 7.
 [16]
<imagenes/Estructura2.png, id=498, 415.5525pt x 566.86781pt>
File: imagenes/Estructura2.png Graphic file (type png)

<use imagenes/Estructura2.png>
Package pdftex.def Info: imagenes/Estructura2.png used on input line 14.
(pdftex.def)             Requested size: 273.14923pt x 372.62886pt.
LaTeX Info: Redefining \. on input line 25.
LaTeX Info: Redefining \% on input line 25.
 [17 <./imagenes/Estructura2.png>]
<imagenes/Estructura1.png, id=509, 357.58594pt x 576.65437pt>
File: imagenes/Estructura1.png Graphic file (type png)

<use imagenes/Estructura1.png>
Package pdftex.def Info: imagenes/Estructura1.png used on input line 32.
(pdftex.def)             Requested size: 273.14923pt x 440.51442pt.
) (./contenidos/02.04.Elaboracion.tex
LaTeX Info: Redefining \. on input line 4.
LaTeX Info: Redefining \% on input line 4.
 [18 <./imagenes/Estructura1.png>]
<imagenes/Elaboracion.png, id=518, 491.58656pt x 478.78876pt>
File: imagenes/Elaboracion.png Graphic file (type png)

<use imagenes/Elaboracion.png>
Package pdftex.def Info: imagenes/Elaboracion.png used on input line 7.
(pdftex.def)             Requested size: 318.66948pt x 310.38345pt.
) (./contenidos/03.00.MateriaslesYMetodos.tex
LaTeX Info: Redefining \. on input line 1.
LaTeX Info: Redefining \% on input line 1.

[19 <./imagenes/Elaboracion.png>] [20]
Cap\'{\i }tulo 4.

Overfull \hbox (10.44753pt too wide) in paragraph at lines 3--3
[][] 
 []

) (./contenidos/03.01.MetodologiaUML.tex [21

]
<imagenes/diagramas.png, id=531, 501.875pt x 274.02374pt>
File: imagenes/diagramas.png Graphic file (type png)

<use imagenes/diagramas.png>
Package pdftex.def Info: imagenes/diagramas.png used on input line 15.
(pdftex.def)             Requested size: 455.24411pt x 248.57591pt.
LaTeX Font Info:    Try loading font information for OMS+cmr on input line 26.

(/usr/share/texlive/texmf-dist/tex/latex/base/omscmr.fd
File: omscmr.fd 1999/05/25 v2.5h Standard LaTeX font definitions
)
LaTeX Font Info:    Font shape `OMS/cmr/m/n' in size <12> not available
(Font)              Font shape `OMS/cmsy/m/n' tried instead on input line 26.
LaTeX Info: Redefining \. on input line 36.
LaTeX Info: Redefining \% on input line 36.
 [22 <./imagenes/diagramas.png>] <imagenes/claseestereotipo.png, id=539, 126.47
25pt x 60.225pt>
File: imagenes/claseestereotipo.png Graphic file (type png)

<use imagenes/claseestereotipo.png>
Package pdftex.def Info: imagenes/claseestereotipo.png used on input line 56.
(pdftex.def)             Requested size: 91.04742pt x 43.35643pt.

<imagenes/claseetiquetados.png, id=540, 214.8025pt x 106.3975pt>
File: imagenes/claseetiquetados.png Graphic file (type png)

<use imagenes/claseetiquetados.png>
Package pdftex.def Info: imagenes/claseetiquetados.png used on input line 64.
(pdftex.def)             Requested size: 136.57462pt x 67.64932pt.
LaTeX Info: Redefining \. on input line 68.
LaTeX Info: Redefining \% on input line 68.
 [23]
<imagenes/claserestricciones.png, id=547, 493.845pt x 125.46875pt>
File: imagenes/claserestricciones.png Graphic file (type png)

<use imagenes/claserestricciones.png>
Package pdftex.def Info: imagenes/claserestricciones.png used on input line 72.

(pdftex.def)             Requested size: 318.66948pt x 80.96213pt.
LaTeX Info: Redefining \. on input line 85.
LaTeX Info: Redefining \% on input line 85.
 [24 <./imagenes/claseestereotipo.png> <./imagenes/claseetiquetados.png> <./ima
genes/claserestricciones.png>])
(./contenidos/03.02.CasosDeUso.tex
<imagenes/casos-de-uso.png, id=557, 808.01875pt x 816.04875pt>
File: imagenes/casos-de-uso.png Graphic file (type png)

<use imagenes/casos-de-uso.png>
Package pdftex.def Info: imagenes/casos-de-uso.png used on input line 7.
(pdftex.def)             Requested size: 455.24411pt x 459.7734pt.
LaTeX Info: Redefining \. on input line 17.
LaTeX Info: Redefining \% on input line 17.
 [25]
LaTeX Info: Redefining \. on input line 17.
LaTeX Info: Redefining \% on input line 17.
 [26 <./imagenes/casos-de-uso.png (PNG copy)>]
LaTeX Info: Redefining \. on input line 34.
LaTeX Info: Redefining \% on input line 34.
 [27]
LaTeX Info: Redefining \. on input line 60.
LaTeX Info: Redefining \% on input line 60.
 [28]) (./contenidos/03.03.DiagramasDeClases.tex
<imagenes/diagrama-clase-mm-class.png, id=575, 317.185pt x 199.74625pt>
File: imagenes/diagrama-clase-mm-class.png Graphic file (type png)

<use imagenes/diagrama-clase-mm-class.png>
Package pdftex.def Info: imagenes/diagrama-clase-mm-class.png used on input lin
e 19.
(pdftex.def)             Requested size: 182.09486pt x 114.67642pt.
LaTeX Info: Redefining \. on input line 27.
LaTeX Info: Redefining \% on input line 27.
 [29 <./imagenes/diagrama-clase-mm-class.png (PNG copy)>]
<imagenes/diagrama-clases-mm-pubsub.png, id=583, 685.56125pt x 378.41376pt>
File: imagenes/diagrama-clases-mm-pubsub.png Graphic file (type png)

<use imagenes/diagrama-clases-mm-pubsub.png>
Package pdftex.def Info: imagenes/diagrama-clases-mm-pubsub.png used on input l
ine 43.
(pdftex.def)             Requested size: 455.24411pt x 251.28976pt.
LaTeX Info: Redefining \. on input line 57.
LaTeX Info: Redefining \% on input line 57.
 [30 <./imagenes/diagrama-clases-mm-pubsub.png (PNG copy)>]
<imagenes/diagrama-clase-mm-pubsub.png, id=589, 471.7625pt x 239.89626pt>
File: imagenes/diagrama-clase-mm-pubsub.png Graphic file (type png)

<use imagenes/diagrama-clase-mm-pubsub.png>
Package pdftex.def Info: imagenes/diagrama-clase-mm-pubsub.png used on input li
ne 61.
(pdftex.def)             Requested size: 227.62206pt x 115.7492pt.

<imagenes/diagrama-clases-mm-undo.png, id=590, 935.495pt x 515.9275pt>
File: imagenes/diagrama-clases-mm-undo.png Graphic file (type png)

<use imagenes/diagrama-clases-mm-undo.png>
Package pdftex.def Info: imagenes/diagrama-clases-mm-undo.png used on input lin
e 85.
(pdftex.def)             Requested size: 455.24411pt x 251.06688pt.
LaTeX Info: Redefining \. on input line 95.
LaTeX Info: Redefining \% on input line 95.
 [31 <./imagenes/diagrama-clase-mm-pubsub.png (PNG copy)>]
<imagenes/diagrama-clase-mm-undomanager-comandohacerdeshacer.png, id=598, 521.9
5pt x 239.89626pt>
File: imagenes/diagrama-clase-mm-undomanager-comandohacerdeshacer.png Graphic f
ile (type png)

<use imagenes/diagrama-clase-mm-undomanager-comandohacerdeshacer.png>
Package pdftex.def Info: imagenes/diagrama-clase-mm-undomanager-comandohacerdes
hacer.png used on input line 98.
(pdftex.def)             Requested size: 318.66948pt x 146.46828pt.
LaTeX Info: Redefining \. on input line 109.
LaTeX Info: Redefining \% on input line 109.
 [32 <./imagenes/diagrama-clases-mm-undo.png (PNG copy)> <./imagenes/diagrama-c
lase-mm-undomanager-comandohacerdeshacer.png (PNG copy)>]
<imagenes/undomangerEjecucion.png, id=604, 642.4pt x 786.94pt>
File: imagenes/undomangerEjecucion.png Graphic file (type png)

<use imagenes/undomangerEjecucion.png>
Package pdftex.def Info: imagenes/undomangerEjecucion.png used on input line 11
2.
(pdftex.def)             Requested size: 318.66948pt x 390.38304pt.

<imagenes/diagrama-clase-mm-undomanager.png, id=606, 441.65pt x 354.32375pt>
File: imagenes/diagrama-clase-mm-undomanager.png Graphic file (type png)

<use imagenes/diagrama-clase-mm-undomanager.png>
Package pdftex.def Info: imagenes/diagrama-clase-mm-undomanager.png used on inp
ut line 121.
(pdftex.def)             Requested size: 318.66948pt x 255.66977pt.
LaTeX Info: Redefining \. on input line 130.
LaTeX Info: Redefining \% on input line 130.
 [33 <./imagenes/undomangerEjecucion.png (PNG copy)>]
<imagenes/diagrama-clases-mm.png, id=615, 965.6075pt x 770.88pt>
File: imagenes/diagrama-clases-mm.png Graphic file (type png)

<use imagenes/diagrama-clases-mm.png>
Package pdftex.def Info: imagenes/diagrama-clases-mm.png used on input line 152
.
(pdftex.def)             Requested size: 455.24411pt x 363.4311pt.
LaTeX Info: Redefining \. on input line 159.
LaTeX Info: Redefining \% on input line 159.
 [34 <./imagenes/diagrama-clase-mm-undomanager.png (PNG copy)>]
LaTeX Info: Redefining \. on input line 159.
LaTeX Info: Redefining \% on input line 159.
 [35 <./imagenes/diagrama-clases-mm.png (PNG copy)>]
<imagenes/diagrama-clase-mm.png, id=626, 383.4325pt x 313.17pt>
File: imagenes/diagrama-clase-mm.png Graphic file (type png)

<use imagenes/diagrama-clase-mm.png>
Package pdftex.def Info: imagenes/diagrama-clase-mm.png used on input line 172.

(pdftex.def)             Requested size: 227.62206pt x 185.91554pt.
LaTeX Info: Redefining \. on input line 184.
LaTeX Info: Redefining \% on input line 184.
 [36 <./imagenes/diagrama-clase-mm.png (PNG copy)>]
<imagenes/diagrama-clase-mm-arbol.png, id=633, 461.725pt x 392.46625pt>
File: imagenes/diagrama-clase-mm-arbol.png Graphic file (type png)

<use imagenes/diagrama-clase-mm-arbol.png>
Package pdftex.def Info: imagenes/diagrama-clase-mm-arbol.png used on input lin
e 201.
(pdftex.def)             Requested size: 318.66948pt x 270.86786pt.
LaTeX Info: Redefining \. on input line 210.
LaTeX Info: Redefining \% on input line 210.
 [37 <./imagenes/diagrama-clase-mm-arbol.png (PNG copy)>]
<imagenes/diagrama-clase-mm-dom.png, id=639, 321.2pt x 177.66376pt>
File: imagenes/diagrama-clase-mm-dom.png Graphic file (type png)

<use imagenes/diagrama-clase-mm-dom.png>
Package pdftex.def Info: imagenes/diagrama-clase-mm-dom.png used on input line 
235.
(pdftex.def)             Requested size: 182.09486pt x 100.72449pt.

Underfull \hbox (badness 1496) in paragraph at lines 245--246
[]\OT1/cmr/m/n/12 La clase MM.Render es la encargada de pintar el mapa mental y
 realizar los
 []

LaTeX Info: Redefining \. on input line 246.
LaTeX Info: Redefining \% on input line 246.
[38] <imagenes/diagrama-clase-mm-render.png, id=647, 544.0325pt x 587.19376pt>
File: imagenes/diagrama-clase-mm-render.png Graphic file (type png)

<use imagenes/diagrama-clase-mm-render.png>
Package pdftex.def Info: imagenes/diagrama-clase-mm-render.png used on input li
ne 249.
(pdftex.def)             Requested size: 295.90588pt x 319.39154pt.
LaTeX Info: Redefining \. on input line 257.
LaTeX Info: Redefining \% on input line 257.
 [39 <./imagenes/diagrama-clase-mm-dom.png (PNG copy)> <./imagenes/diagrama-cla
se-mm-render.png (PNG copy)>]
LaTeX Info: Redefining \. on input line 277.
LaTeX Info: Redefining \% on input line 277.

[40]
<imagenes/diagrama-clases-mm-render.png, id=660, 812.03375pt x 572.1375pt>
File: imagenes/diagrama-clases-mm-render.png Graphic file (type png)

<use imagenes/diagrama-clases-mm-render.png>
Package pdftex.def Info: imagenes/diagrama-clases-mm-render.png used on input l
ine 280.
(pdftex.def)             Requested size: 455.24411pt x 320.75275pt.

<imagenes/diagrama-clase-mm-mensaje.png, id=661, 507.8975pt x 316.18124pt>
File: imagenes/diagrama-clase-mm-mensaje.png Graphic file (type png)

<use imagenes/diagrama-clase-mm-mensaje.png>
Package pdftex.def Info: imagenes/diagrama-clase-mm-mensaje.png used on input l
ine 291.
(pdftex.def)             Requested size: 318.66948pt x 198.3847pt.
LaTeX Info: Redefining \. on input line 300.
LaTeX Info: Redefining \% on input line 300.
 [41 <./imagenes/diagrama-clases-mm-render.png (PNG copy)>]
<imagenes/diagrama-clase-mm-nodosimple.png, id=670, 453.695pt x 392.46625pt>
File: imagenes/diagrama-clase-mm-nodosimple.png Graphic file (type png)

<use imagenes/diagrama-clase-mm-nodosimple.png>
Package pdftex.def Info: imagenes/diagrama-clase-mm-nodosimple.png used on inpu
t line 310.
(pdftex.def)             Requested size: 318.66948pt x 275.66469pt.
LaTeX Info: Redefining \. on input line 319.
LaTeX Info: Redefining \% on input line 319.
 [42 <./imagenes/diagrama-clase-mm-mensaje.png (PNG copy)>]
<imagenes/diagrama-clase-mm-globo.png, id=678, 459.7175pt x 199.74625pt>
File: imagenes/diagrama-clase-mm-globo.png Graphic file (type png)

<use imagenes/diagrama-clase-mm-globo.png>
Package pdftex.def Info: imagenes/diagrama-clase-mm-globo.png used on input lin
e 329.
(pdftex.def)             Requested size: 273.14923pt x 118.68742pt.

<imagenes/diagrama-clase-mm-color.png, id=680, 425.59pt x 280.04625pt>
File: imagenes/diagrama-clase-mm-color.png Graphic file (type png)

<use imagenes/diagrama-clase-mm-color.png>
Package pdftex.def Info: imagenes/diagrama-clase-mm-color.png used on input lin
e 339.
(pdftex.def)             Requested size: 227.62206pt x 149.78265pt.
LaTeX Info: Redefining \. on input line 342.
LaTeX Info: Redefining \% on input line 342.
 [43 <./imagenes/diagrama-clase-mm-nodosimple.png (PNG copy)> <./imagenes/diagr
ama-clase-mm-globo.png (PNG copy)>]
<imagenes/diagrama-clases-mm-aristas.png, id=687, 903.375pt x 624.3325pt>
File: imagenes/diagrama-clases-mm-aristas.png Graphic file (type png)

<use imagenes/diagrama-clases-mm-aristas.png>
Package pdftex.def Info: imagenes/diagrama-clases-mm-aristas.png used on input 
line 351.
(pdftex.def)             Requested size: 455.24411pt x 314.63286pt.

<imagenes/diagrama-clase-kinetic-beizer.png, id=688, 337.26pt x 272.01625pt>
File: imagenes/diagrama-clase-kinetic-beizer.png Graphic file (type png)

<use imagenes/diagrama-clase-kinetic-beizer.png>
Package pdftex.def Info: imagenes/diagrama-clase-kinetic-beizer.png used on inp
ut line 361.
(pdftex.def)             Requested size: 227.62206pt x 183.59059pt.

<imagenes/diagrama-clase-mm-arista.png, id=689, 477.785pt x 278.03876pt>
File: imagenes/diagrama-clase-mm-arista.png Graphic file (type png)

<use imagenes/diagrama-clase-mm-arista.png>
Package pdftex.def Info: imagenes/diagrama-clase-mm-arista.png used on input li
ne 371.
(pdftex.def)             Requested size: 318.66948pt x 185.44498pt.
LaTeX Info: Redefining \. on input line 378.
LaTeX Info: Redefining \% on input line 378.
 [44 <./imagenes/diagrama-clase-mm-color.png (PNG copy)>]
LaTeX Info: Redefining \. on input line 378.
LaTeX Info: Redefining \% on input line 378.
 [45 <./imagenes/diagrama-clases-mm-aristas.png (PNG copy)> <./imagenes/diagram
a-clase-kinetic-beizer.png (PNG copy)>]
<imagenes/diagrama-clase-mm-rama.png, id=701, 477.785pt x 199.74625pt>
File: imagenes/diagrama-clase-mm-rama.png Graphic file (type png)

<use imagenes/diagrama-clase-mm-rama.png>
Package pdftex.def Info: imagenes/diagrama-clase-mm-rama.png used on input line
 390.
(pdftex.def)             Requested size: 318.66948pt x 133.2258pt.
LaTeX Info: Redefining \. on input line 399.
LaTeX Info: Redefining \% on input line 399.
 [46 <./imagenes/diagrama-clase-mm-arista.png (PNG copy)> <./imagenes/diagrama-
clase-mm-rama.png (PNG copy)>]
<imagenes/diagrama-clases-mm-teclado.png, id=708, 597.23125pt x 676.5275pt>
File: imagenes/diagrama-clases-mm-teclado.png Graphic file (type png)

<use imagenes/diagrama-clases-mm-teclado.png>
Package pdftex.def Info: imagenes/diagrama-clases-mm-teclado.png used on input 
line 404.
(pdftex.def)             Requested size: 364.19667pt x 412.55728pt.
LaTeX Info: Redefining \. on input line 413.
LaTeX Info: Redefining \% on input line 413.
 [47 <./imagenes/diagrama-clases-mm-teclado.png (PNG copy)>]
<imagenes/diagrama-clase-mm-teclado-atajos.png, id=716, 403.5075pt x 292.09125p
t>
File: imagenes/diagrama-clase-mm-teclado-atajos.png Graphic file (type png)
 <use imagenes/diagrama-clase-mm-teclado-atajos.png>
Package pdftex.def Info: imagenes/diagrama-clase-mm-teclado-atajos.png used on 
input line 421.
(pdftex.def)             Requested size: 273.14923pt x 197.72801pt.

<imagenes/diagrama-clase-mm-teclado-tecla.png, id=717, 365.365pt x 320.19624pt>
File: imagenes/diagrama-clase-mm-teclado-tecla.png Graphic file (type png)
<use imagenes/diagrama-clase-mm-teclado-tecla.png>
Package pdftex.def Info: imagenes/diagrama-clase-mm-teclado-tecla.png used on i
nput line 437.
(pdftex.def)             Requested size: 318.66948pt x 279.28668pt.

<imagenes/diagrama-clase-mm-teclado.png, id=718, 285.065pt x 201.75375pt>
File: imagenes/diagrama-clase-mm-teclado.png Graphic file (type png)

<use imagenes/diagrama-clase-mm-teclado.png>
Package pdftex.def Info: imagenes/diagrama-clase-mm-teclado.png used on input l
ine 443.
(pdftex.def)             Requested size: 318.66948pt x 225.53781pt.

<imagenes/diagrama-seq-add.png, id=719, 347.2975pt x 285.065pt>
File: imagenes/diagrama-seq-add.png Graphic file (type png)

<use imagenes/diagrama-seq-add.png>
Package pdftex.def Info: imagenes/diagrama-seq-add.png used on input line 454.
(pdftex.def)             Requested size: 318.66948pt x 261.57571pt.

<imagenes/diagrama-seq-borrar.png, id=720, 371.3875pt x 382.42876pt>
File: imagenes/diagrama-seq-borrar.png Graphic file (type png)

<use imagenes/diagrama-seq-borrar.png>
Package pdftex.def Info: imagenes/diagrama-seq-borrar.png used on input line 46
0.
(pdftex.def)             Requested size: 318.66948pt x 328.15288pt.

<imagenes/diagrama-seq-navegacion.png, id=721, 412.54124pt x 1031.855pt>
File: imagenes/diagrama-seq-navegacion.png Graphic file (type png)

<use imagenes/diagrama-seq-navegacion.png>
Package pdftex.def Info: imagenes/diagrama-seq-navegacion.png used on input lin
e 466.
(pdftex.def)             Requested size: 318.66948pt x 797.06572pt.


LaTeX Warning: Float too large for page by 124.22708pt on input line 469.

) (./contenidos/04.00.Implementacion.tex
LaTeX Info: Redefining \. on input line 1.
LaTeX Info: Redefining \% on input line 1.
 [48 <./imagenes/diagrama-clase-mm-teclado-atajos.png (PNG copy)>]
LaTeX Info: Redefining \. on input line 1.
LaTeX Info: Redefining \% on input line 1.
 [49 <./imagenes/diagrama-clase-mm-teclado-tecla.png (PNG copy)> <./imagenes/di
agrama-clase-mm-teclado.png (PNG copy)>]
LaTeX Info: Redefining \. on input line 1.
LaTeX Info: Redefining \% on input line 1.
 [50 <./imagenes/diagrama-seq-add.png (PNG copy)> <./imagenes/diagrama-seq-borr
ar.png (PNG copy)>]
LaTeX Info: Redefining \. on input line 1.
LaTeX Info: Redefining \% on input line 1.
 [51 <./imagenes/diagrama-seq-navegacion.png (PNG copy)>] [52]
Cap\'{\i }tulo 5.

Overfull \hbox (10.44753pt too wide) in paragraph at lines 3--3
[][] 
 []

) (./contenidos/04.01.MetodologiaDesarrollo.tex [53

]
LaTeX Info: Redefining \. on input line 31.
LaTeX Info: Redefining \% on input line 31.
 [54]
LaTeX Info: Redefining \. on input line 51.
LaTeX Info: Redefining \% on input line 51.
 [55])
(./contenidos/05.00.Resultados.tex
LaTeX Info: Redefining \. on input line 1.
LaTeX Info: Redefining \% on input line 1.
 [56] [57]
Cap\'{\i }tulo 6.

Overfull \hbox (10.44753pt too wide) in paragraph at lines 3--3
[][] 
 []

) (./contenidos/05.01.NodeJS.tex [58

]
Package epstopdf Info: Source file: <imagenes/nodejs-light.eps>
(epstopdf)                    date: 2013-10-21 21:17:07
(epstopdf)                    size: 588530 bytes
(epstopdf)             Output file: <imagenes/nodejs-light-eps-converted-to.pdf
>
(epstopdf)                    date: 2013-10-21 21:18:19
(epstopdf)                    size: 12687 bytes
(epstopdf)             Command: <repstopdf --outfile=imagenes/nodejs-light-eps-
converted-to.pdf imagenes/nodejs-light.eps>
(epstopdf)             \includegraphics on input line 7.
Package epstopdf Info: Output file is already uptodate.

<imagenes/nodejs-light-eps-converted-to.pdf, id=773, 187.70125pt x 51.19125pt>
File: imagenes/nodejs-light-eps-converted-to.pdf Graphic file (type pdf)

<use imagenes/nodejs-light-eps-converted-to.pdf>
Package pdftex.def Info: imagenes/nodejs-light-eps-converted-to.pdf used on inp
ut line 7.
(pdftex.def)             Requested size: 91.04742pt x 24.83162pt.
LaTeX Info: Redefining \. on input line 22.
LaTeX Info: Redefining \% on input line 22.
 [59 <./imagenes/nodejs-light-eps-converted-to.pdf>]
(/usr/share/texlive/texmf-dist/tex/latex/listings/lstlang1.sty
File: lstlang1.sty 2013/06/27 1.5pre1 listings language file
)
(/usr/share/texlive/texmf-dist/tex/latex/listings/lstlang1.sty
File: lstlang1.sty 2013/06/27 1.5pre1 listings language file
)
(/usr/share/texlive/texmf-dist/tex/latex/base/ansinew.def
File: ansinew.def 2008/03/30 v1.1d Input encoding file
)
LaTeX Font Info:    Font shape `OT1/cmtt/bx/n' in size <8> not available
(Font)              Font shape `OT1/cmtt/m/n' tried instead on input line 32.

(/usr/share/texlive/texmf-dist/tex/latex/base/ansinew.def
File: ansinew.def 2008/03/30 v1.1d Input encoding file
)
(/usr/share/texlive/texmf-dist/tex/latex/base/ansinew.def
File: ansinew.def 2008/03/30 v1.1d Input encoding file
)
(/usr/share/texlive/texmf-dist/tex/latex/base/ansinew.def
File: ansinew.def 2008/03/30 v1.1d Input encoding file
)
(/usr/share/texlive/texmf-dist/tex/latex/base/ansinew.def
File: ansinew.def 2008/03/30 v1.1d Input encoding file
)
LaTeX Info: Redefining \. on input line 71.
LaTeX Info: Redefining \% on input line 71.
 [60]
(/usr/share/texlive/texmf-dist/tex/latex/base/ansinew.def
File: ansinew.def 2008/03/30 v1.1d Input encoding file
)
(/usr/share/texlive/texmf-dist/tex/latex/base/ansinew.def
File: ansinew.def 2008/03/30 v1.1d Input encoding file
)
LaTeX Info: Redefining \. on input line 127.
LaTeX Info: Redefining \% on input line 127.
 [61]
(/usr/share/texlive/texmf-dist/tex/latex/base/ansinew.def
File: ansinew.def 2008/03/30 v1.1d Input encoding file
)
(/usr/share/texlive/texmf-dist/tex/latex/base/ansinew.def
File: ansinew.def 2008/03/30 v1.1d Input encoding file
))
(./contenidos/05.02.GruntJS.tex
LaTeX Info: Redefining \. on input line 11.
LaTeX Info: Redefining \% on input line 11.
 [62]
(/usr/share/texlive/texmf-dist/tex/latex/base/ansinew.def
File: ansinew.def 2008/03/30 v1.1d Input encoding file
)
<imagenes/grunt-logo.png, id=889, 286.78572pt x 338.40715pt>
File: imagenes/grunt-logo.png Graphic file (type png)

<use imagenes/grunt-logo.png>
Package pdftex.def Info: imagenes/grunt-logo.png used on input line 32.
(pdftex.def)             Requested size: 91.04742pt x 107.43533pt.

(/usr/share/texlive/texmf-dist/tex/latex/base/ansinew.def
File: ansinew.def 2008/03/30 v1.1d Input encoding file
)

Package wrapfig Warning: wrapfigure used inside a conflicting environment on in
put line 41.


Package wrapfig Warning: wrapfigure used inside a conflicting environment on in
put line 41.


Package wrapfig Warning: wrapfigure used inside a conflicting environment on in
put line 41.


Package wrapfig Warning: wrapfigure used inside a conflicting environment on in
put line 41.


Package wrapfig Warning: wrapfigure used inside a conflicting environment on in
put line 41.


Package wrapfig Warning: wrapfigure used inside a conflicting environment on in
put line 41.


Package wrapfig Warning: wrapfigure used inside a conflicting environment on in
put line 41.


Package wrapfig Warning: wrapfigure used inside a conflicting environment on in
put line 41.


Package wrapfig Warning: wrapfigure used inside a conflicting environment on in
put line 41.


Package wrapfig Warning: wrapfigure used inside a conflicting environment on in
put line 41.


Package wrapfig Warning: wrapfigure used inside a conflicting environment on in
put line 41.


Package wrapfig Warning: wrapfigure used inside a conflicting environment on in
put line 41.


Package wrapfig Warning: wrapfigure used inside a conflicting environment on in
put line 41.


Package wrapfig Warning: wrapfigure used inside a conflicting environment on in
put line 42.

(/usr/share/texlive/texmf-dist/tex/latex/base/ansinew.def
File: ansinew.def 2008/03/30 v1.1d Input encoding file
)
LaTeX Info: Redefining \. on input line 54.
LaTeX Info: Redefining \% on input line 54.
 [63 <./imagenes/grunt-logo.png>] (/usr/share/texlive/texmf-dist/tex/latex/base
/ansinew.def
File: ansinew.def 2008/03/30 v1.1d Input encoding file
)
Package hyperref Info: bookmark level for unknown lstlisting defaults to 0 on i
nput line 81.

(/usr/share/texlive/texmf-dist/tex/latex/base/ansinew.def
File: ansinew.def 2008/03/30 v1.1d Input encoding file
)
(./recursos/Gruntfile.js
LaTeX Info: Redefining \. on input line 26.
LaTeX Info: Redefining \% on input line 26.
 [64]
LaTeX Font Info:    Try loading font information for OMS+cmtt on input line 46.

LaTeX Font Info:    No file OMScmtt.fd. on input line 46.


LaTeX Font Warning: Font shape `OMS/cmtt/m/n' undefined
(Font)              using `OMS/cmsy/m/n' instead on input line 46.

LaTeX Info: Redefining \. on input line 103.
LaTeX Info: Redefining \% on input line 103.
[65])
LaTeX Info: Redefining \. on input line 100.
LaTeX Info: Redefining \% on input line 100.
 [66]) (./contenidos/05.03.Github.tex
<imagenes/octocat.png, id=1067, 123.3408pt x 123.3408pt>
File: imagenes/octocat.png Graphic file (type png)

<use imagenes/octocat.png>
Package pdftex.def Info: imagenes/octocat.png used on input line 10.
(pdftex.def)             Requested size: 218.51521pt x 218.53526pt.

Overfull \hbox (36.42035pt too wide) in paragraph at lines 10--11
 [] 
 []

LaTeX Info: Redefining \. on input line 21.
LaTeX Info: Redefining \% on input line 21.
[67 <./imagenes/octocat.png>]
(/usr/share/texlive/texmf-dist/tex/latex/base/ansinew.def
File: ansinew.def 2008/03/30 v1.1d Input encoding file
)
(/usr/share/texlive/texmf-dist/tex/latex/base/ansinew.def
File: ansinew.def 2008/03/30 v1.1d Input encoding file
)
(/usr/share/texlive/texmf-dist/tex/latex/base/ansinew.def
File: ansinew.def 2008/03/30 v1.1d Input encoding file
)
LaTeX Info: Redefining \. on input line 52.
LaTeX Info: Redefining \% on input line 52.
 [68]
(/usr/share/texlive/texmf-dist/tex/latex/base/ansinew.def
File: ansinew.def 2008/03/30 v1.1d Input encoding file
)
(/usr/share/texlive/texmf-dist/tex/latex/base/ansinew.def
File: ansinew.def 2008/03/30 v1.1d Input encoding file
)
(/usr/share/texlive/texmf-dist/tex/latex/base/ansinew.def
File: ansinew.def 2008/03/30 v1.1d Input encoding file
))
(./contenidos/05.04.JSDoc.tex
Underfull \hbox (badness 1810) in paragraph at lines 5--6
[]\OT1/cmr/m/n/12 Mediante una conjunto de etiquetas (@class, @function, etc) i
ntroducidas como
 []

LaTeX Info: Redefining \. on input line 8.
LaTeX Info: Redefining \% on input line 8.
[69] <imagenes/codigoconjsdoc.png, id=1112, 538.26094pt x 520.19344pt>
File: imagenes/codigoconjsdoc.png Graphic file (type png)

<use imagenes/codigoconjsdoc.png>
Package pdftex.def Info: imagenes/codigoconjsdoc.png used on input line 11.
(pdftex.def)             Requested size: 318.66948pt x 307.97508pt.

<imagenes/jsdoc.png, id=1114, 576.65437pt x 448.67625pt>
File: imagenes/jsdoc.png Graphic file (type png)

<use imagenes/jsdoc.png>
Package pdftex.def Info: imagenes/jsdoc.png used on input line 21.
(pdftex.def)             Requested size: 318.66948pt x 247.95709pt.
) (./contenidos/05.05.Mocha.tex
LaTeX Info: Redefining \. on input line 8.
LaTeX Info: Redefining \% on input line 8.
 [70 <./imagenes/codigoconjsdoc.png>]
LaTeX Info: Redefining \. on input line 23.
LaTeX Info: Redefining \% on input line 23.
 [71 <./imagenes/jsdoc.png>]
<imagenes/mocha-logo.png, id=1128, 491.90225pt x 491.90225pt>
File: imagenes/mocha-logo.png Graphic file (type png)

<use imagenes/mocha-logo.png>
Package pdftex.def Info: imagenes/mocha-logo.png used on input line 31.
(pdftex.def)             Requested size: 91.04742pt x 91.04552pt.

(/usr/share/texlive/texmf-dist/tex/latex/base/ansinew.def
File: ansinew.def 2008/03/30 v1.1d Input encoding file
)
(./recursos/array-test.js

Package wrapfig Warning: wrapfigure used inside a conflicting environment on in
put line 1.


Package wrapfig Warning: wrapfigure used inside a conflicting environment on in
put line 1.


Package wrapfig Warning: wrapfigure used inside a conflicting environment on in
put line 1.


Package wrapfig Warning: wrapfigure used inside a conflicting environment on in
put line 1.


Package wrapfig Warning: wrapfigure used inside a conflicting environment on in
put line 1.


Package wrapfig Warning: wrapfigure used inside a conflicting environment on in
put line 1.


Package wrapfig Warning: wrapfigure used inside a conflicting environment on in
put line 1.


Package wrapfig Warning: wrapfigure used inside a conflicting environment on in
put line 1.


Package wrapfig Warning: wrapfigure used inside a conflicting environment on in
put line 1.


Package wrapfig Warning: wrapfigure used inside a conflicting environment on in
put line 1.


Package wrapfig Warning: wrapfigure used inside a conflicting environment on in
put line 1.


Package wrapfig Warning: wrapfigure used inside a conflicting environment on in
put line 1.


Package wrapfig Warning: wrapfigure used inside a conflicting environment on in
put line 1.


Package wrapfig Warning: wrapfigure used inside a conflicting environment on in
put line 1.


Package wrapfig Warning: wrapfigure used inside a conflicting environment on in
put line 1.


Package wrapfig Warning: wrapfigure used inside a conflicting environment on in
put line 2.


Package wrapfig Warning: wrapfigure used inside a conflicting environment on in
put line 2.


Package wrapfig Warning: wrapfigure used inside a conflicting environment on in
put line 2.


Package wrapfig Warning: wrapfigure used inside a conflicting environment on in
put line 2.


Package wrapfig Warning: wrapfigure used inside a conflicting environment on in
put line 2.


Package wrapfig Warning: wrapfigure used inside a conflicting environment on in
put line 2.


Package wrapfig Warning: wrapfigure used inside a conflicting environment on in
put line 2.


Package wrapfig Warning: wrapfigure used inside a conflicting environment on in
put line 2.


Package wrapfig Warning: wrapfigure used inside a conflicting environment on in
put line 2.


Package wrapfig Warning: wrapfigure used inside a conflicting environment on in
put line 2.


Package wrapfig Warning: wrapfigure used inside a conflicting environment on in
put line 2.


Package wrapfig Warning: wrapfigure used inside a conflicting environment on in
put line 2.


Package wrapfig Warning: wrapfigure used inside a conflicting environment on in
put line 3.


Package wrapfig Warning: wrapfigure used inside a conflicting environment on in
put line 3.


Package wrapfig Warning: wrapfigure used inside a conflicting environment on in
put line 3.


Package wrapfig Warning: wrapfigure used inside a conflicting environment on in
put line 3.


Package wrapfig Warning: wrapfigure used inside a conflicting environment on in
put line 3.


Package wrapfig Warning: wrapfigure used inside a conflicting environment on in
put line 3.


Package wrapfig Warning: wrapfigure used inside a conflicting environment on in
put line 3.


Package wrapfig Warning: wrapfigure used inside a conflicting environment on in
put line 3.


Package wrapfig Warning: wrapfigure used inside a conflicting environment on in
put line 3.


Package wrapfig Warning: wrapfigure used inside a conflicting environment on in
put line 3.


Package wrapfig Warning: wrapfigure used inside a conflicting environment on in
put line 3.


Package wrapfig Warning: wrapfigure used inside a conflicting environment on in
put line 3.


Package wrapfig Warning: wrapfigure used inside a conflicting environment on in
put line 3.


Package wrapfig Warning: wrapfigure used inside a conflicting environment on in
put line 3.


Package wrapfig Warning: wrapfigure used inside a conflicting environment on in
put line 4.


Package wrapfig Warning: wrapfigure used inside a conflicting environment on in
put line 4.


Package wrapfig Warning: wrapfigure used inside a conflicting environment on in
put line 4.


Package wrapfig Warning: wrapfigure used inside a conflicting environment on in
put line 4.


Package wrapfig Warning: wrapfigure used inside a conflicting environment on in
put line 4.


Package wrapfig Warning: wrapfigure used inside a conflicting environment on in
put line 4.


Package wrapfig Warning: wrapfigure used inside a conflicting environment on in
put line 4.


Package wrapfig Warning: wrapfigure used inside a conflicting environment on in
put line 4.


Package wrapfig Warning: wrapfigure used inside a conflicting environment on in
put line 4.


Package wrapfig Warning: wrapfigure used inside a conflicting environment on in
put line 4.


Package wrapfig Warning: wrapfigure used inside a conflicting environment on in
put line 4.


Package wrapfig Warning: wrapfigure used inside a conflicting environment on in
put line 4.


Package wrapfig Warning: wrapfigure used inside a conflicting environment on in
put line 4.


Package wrapfig Warning: wrapfigure used inside a conflicting environment on in
put line 4.


Package wrapfig Warning: wrapfigure used inside a conflicting environment on in
put line 4.


Package wrapfig Warning: wrapfigure used inside a conflicting environment on in
put line 4.


Package wrapfig Warning: wrapfigure used inside a conflicting environment on in
put line 4.


Package wrapfig Warning: wrapfigure used inside a conflicting environment on in
put line 4.


Package wrapfig Warning: wrapfigure used inside a conflicting environment on in
put line 4.


Package wrapfig Warning: wrapfigure used inside a conflicting environment on in
put line 4.


Package wrapfig Warning: wrapfigure used inside a conflicting environment on in
put line 4.


Package wrapfig Warning: wrapfigure used inside a conflicting environment on in
put line 4.


Package wrapfig Warning: wrapfigure used inside a conflicting environment on in
put line 4.


Package wrapfig Warning: wrapfigure used inside a conflicting environment on in
put line 4.


Package wrapfig Warning: wrapfigure used inside a conflicting environment on in
put line 4.


Package wrapfig Warning: wrapfigure used inside a conflicting environment on in
put line 4.


Package wrapfig Warning: wrapfigure used inside a conflicting environment on in
put line 4.


Package wrapfig Warning: wrapfigure used inside a conflicting environment on in
put line 4.


Package wrapfig Warning: wrapfigure used inside a conflicting environment on in
put line 5.


Package wrapfig Warning: wrapfigure used inside a conflicting environment on in
put line 5.


Package wrapfig Warning: wrapfigure used inside a conflicting environment on in
put line 5.


Package wrapfig Warning: wrapfigure used inside a conflicting environment on in
put line 5.


Package wrapfig Warning: wrapfigure used inside a conflicting environment on in
put line 5.


Package wrapfig Warning: wrapfigure used inside a conflicting environment on in
put line 5.


Package wrapfig Warning: wrapfigure used inside a conflicting environment on in
put line 5.


Package wrapfig Warning: wrapfigure used inside a conflicting environment on in
put line 5.


Package wrapfig Warning: wrapfigure used inside a conflicting environment on in
put line 5.


Package wrapfig Warning: wrapfigure used inside a conflicting environment on in
put line 5.


Package wrapfig Warning: wrapfigure used inside a conflicting environment on in
put line 5.


Package wrapfig Warning: wrapfigure used inside a conflicting environment on in
put line 6.


Package wrapfig Warning: wrapfigure used inside a conflicting environment on in
put line 6.


Package wrapfig Warning: wrapfigure used inside a conflicting environment on in
put line 6.


Package wrapfig Warning: wrapfigure used inside a conflicting environment on in
put line 6.


Package wrapfig Warning: wrapfigure used inside a conflicting environment on in
put line 6.


Package wrapfig Warning: wrapfigure used inside a conflicting environment on in
put line 6.


Package wrapfig Warning: wrapfigure used inside a conflicting environment on in
put line 6.


Package wrapfig Warning: wrapfigure used inside a conflicting environment on in
put line 6.


Package wrapfig Warning: wrapfigure used inside a conflicting environment on in
put line 6.


Package wrapfig Warning: wrapfigure used inside a conflicting environment on in
put line 6.


Package wrapfig Warning: wrapfigure used inside a conflicting environment on in
put line 6.


Package wrapfig Warning: wrapfigure used inside a conflicting environment on in
put line 7.


Package wrapfig Warning: wrapfigure used inside a conflicting environment on in
put line 7.


Package wrapfig Warning: wrapfigure used inside a conflicting environment on in
put line 7.


Package wrapfig Warning: wrapfigure used inside a conflicting environment on in
put line 8.


Package wrapfig Warning: wrapfigure used inside a conflicting environment on in
put line 8.


Package wrapfig Warning: wrapfigure used inside a conflicting environment on in
put line 8.


Package wrapfig Warning: wrapfigure used inside a conflicting environment on in
put line 9.


Package wrapfig Warning: wrapfigure used inside a conflicting environment on in
put line 9.


Package wrapfig Warning: wrapfigure used inside a conflicting environment on in
put line 9.

)

Package wrapfig Warning: wrapfigure used inside a conflicting environment on in
put line 40.

<imagenes/mochaejecucion.png, id=1131, 301.8778pt x 71.51718pt>
File: imagenes/mochaejecucion.png Graphic file (type png)

<use imagenes/mochaejecucion.png>
Package pdftex.def Info: imagenes/mochaejecucion.png used on input line 53.
(pdftex.def)             Requested size: 273.14923pt x 64.71078pt.

(/usr/share/texlive/texmf-dist/tex/latex/base/ansinew.def
File: ansinew.def 2008/03/30 v1.1d Input encoding file
)
(./recursos/array1-test.js
LaTeX Info: Redefining \. on input line 1.
LaTeX Info: Redefining \% on input line 1.
 [72 <./imagenes/mocha-logo.png>])
<imagenes/mochaejecucion1.png, id=1149, 293.59688pt x 89.58469pt>
File: imagenes/mochaejecucion1.png Graphic file (type png)

<use imagenes/mochaejecucion1.png>
Package pdftex.def Info: imagenes/mochaejecucion1.png used on input line 66.
(pdftex.def)             Requested size: 273.14923pt x 83.34569pt.
) (./contenidos/06.00.ManualDeUsuario.tex
LaTeX Info: Redefining \. on input line 1.
LaTeX Info: Redefining \% on input line 1.

[73 <./imagenes/mochaejecucion.png> <./imagenes/mochaejecucion1.png>] [74]
Cap\'{\i }tulo 7.

Overfull \hbox (10.44753pt too wide) in paragraph at lines 3--3
[][] 
 []

) (./contenidos/06.01.ParaDesarrolladores.tex)
(./contenidos/06.02.ParaUsuarioFinal.tex) (./contenidos/07.00.Conclusiones.tex
[75

] [76]
Cap\'{\i }tulo 8.

Overfull \hbox (10.44753pt too wide) in paragraph at lines 3--3
[][] 
 []

) (./contenidos/bibliografia.tex [77

]
Overfull \hbox (14.9808pt too wide) in paragraph at lines 5--5
[][] 
 []


LaTeX Warning: Empty `thebibliography' environment on input line 8.

[78

])
Package atveryend Info: Empty hook `BeforeClearDocument' on input line 50.
Package atveryend Info: Empty hook `AfterLastShipout' on input line 50.
 (./pfc.aux
LaTeX Info: Redefining \. on input line 23.
LaTeX Info: Redefining \% on input line 23.
)
Package atveryend Info: Executing hook `AtVeryEndDocument' on input line 50.
Package atveryend Info: Executing hook `AtEndAfterFileList' on input line 50.
Package rerunfilecheck Info: File `pfc.out' has not changed.
(rerunfilecheck)             Checksum: 4ADB6B16001A716E187F3DF58FC61756;4340.


LaTeX Font Warning: Some font shapes were not available, defaults substituted.

Package atveryend Info: Empty hook `AtVeryVeryEnd' on input line 50.
 ) 
Here is how much of TeX's memory you used:
 10758 strings out of 493307
 156598 string characters out of 6139906
 396060 words of memory out of 5000000
 13328 multiletter control sequences out of 15000+600000
 11111 words of font info for 40 fonts, out of 8000000 for 9000
 957 hyphenation exceptions out of 8191
 40i,13n,47p,1796b,2396s stack positions out of 5000i,500n,10000p,200000b,80000s
</usr/share/texlive/texmf-dist/fonts/type1/public/amsfonts/cm/cmbx10.pfb></us
r/share/texlive/texmf-dist/fonts/type1/public/amsfonts/cm/cmbx12.pfb></usr/shar
e/texlive/texmf-dist/fonts/type1/public/amsfonts/cm/cmbxti10.pfb></usr/share/te
xlive/texmf-dist/fonts/type1/public/amsfonts/cm/cmcsc10.pfb></usr/share/texlive
/texmf-dist/fonts/type1/public/amsfonts/cm/cmmi12.pfb></usr/share/texlive/texmf
-dist/fonts/type1/public/amsfonts/cm/cmmi7.pfb></usr/share/texlive/texmf-dist/f
onts/type1/public/amsfonts/cm/cmr10.pfb></usr/share/texlive/texmf-dist/fonts/ty
pe1/public/amsfonts/cm/cmr12.pfb></usr/share/texlive/texmf-dist/fonts/type1/pub
lic/amsfonts/cm/cmr6.pfb></usr/share/texlive/texmf-dist/fonts/type1/public/amsf
onts/cm/cmr8.pfb></usr/share/texlive/texmf-dist/fonts/type1/public/amsfonts/cm/
cmsy10.pfb></usr/share/texlive/texmf-dist/fonts/type1/public/amsfonts/cm/cmsy8.
pfb></usr/share/texlive/texmf-dist/fonts/type1/public/amsfonts/cm/cmti12.pfb></
usr/share/texlive/texmf-dist/fonts/type1/public/amsfonts/cm/cmtt8.pfb>
Output written on pfc.pdf (80 pages, 1367283 bytes).
PDF statistics:
 1358 PDF objects out of 1440 (max. 8388607)
 1196 compressed objects within 12 object streams
 539 named destinations out of 1000 (max. 500000)
 751 words of extra memory for PDF output out of 10000 (max. 10000000)

